<?xml version="1.0" encoding="UTF-8"?>
<testsuite name="ListaServiceTest" tests="5" skipped="0" failures="0" errors="0" timestamp="2023-11-07T01:06:42" hostname="VITOR-DALFRE" time="0.097">
  <properties/>
  <testcase name="testaRetornoMenorNumero()" classname="ListaServiceTest" time="0.083"/>
  <testcase name="testeVerificaLista30Posicoes()" classname="ListaServiceTest" time="0.001"/>
  <testcase name="testaRetornoListaPares()" classname="ListaServiceTest" time="0.002"/>
  <testcase name="testaRetornoMaiorNumero()" classname="ListaServiceTest" time="0.003"/>
  <testcase name="testaRetornoListaImpares()" classname="ListaServiceTest" time="0.001"/>
  <system-out><![CDATA[]]></system-out>
  <system-err><![CDATA[]]></system-err>
</testsuite>
